{"Now":"2019-02-18 16:30:02.420870465 +0100 CET m=+1.028888034","forecast_date":"2019-02-27T00:00:00.000Z","temperature_min":4,"temperature_max":9,"precipitation_amount":0,"precipitation_percentage":25,"wind_direction":"zw","wind_speed_bft":3}

{"Now":"2019-02-18 17:00:02.526270216 +0100 CET m=+1.065073829","forecast_date":"2019-02-27T00:00:00.000Z","temperature_min":4,"temperature_max":9,"precipitation_amount":0,"precipitation_percentage":25,"wind_direction":"zw","wind_speed_bft":3}
{"Now":"2019-02-18 18:00:02.782928356 +0100 CET m=+1.136619200","forecast_date":"2019-02-27T00:00:00.000Z","temperature_min":4,"temperature_max":9,"precipitation_amount":0,"precipitation_percentage":25,"wind_direction":"zw","wind_speed_bft":3}
{"Now":"2019-02-18 19:00:02.968925723 +0100 CET m=+1.040379776","forecast_date":"2019-02-27T00:00:00.000Z","temperature_min":4,"temperature_max":9,"precipitation_amount":0,"precipitation_percentage":25,"wind_direction":"zw","wind_speed_bft":3}
{"Now":"2019-02-18 20:00:02.218149475 +0100 CET m=+1.132292319","forecast_date":"2019-02-27T00:00:00.000Z","temperature_min":4,"temperature_max":9,"precipitation_amount":0,"precipitation_percentage":25,"wind_direction":"zw","wind_speed_bft":3}
{"Now":"2019-02-18 21:00:02.630174927 +0100 CET m=+1.300988395","forecast_date":"2019-02-27T00:00:00.000Z","temperature_min":4,"temperature_max":9,"precipitation_amount":0,"precipitation_percentage":20,"wind_direction":"z","wind_speed_bft":3}
{"Now":"2019-02-18 22:00:02.970005422 +0100 CET m=+1.204425256","forecast_date":"2019-02-27T00:00:00.000Z","temperature_min":4,"temperature_max":9,"precipitation_amount":0,"precipitation_percentage":20,"wind_direction":"z","wind_speed_bft":3}
{"Now":"2019-02-19 09:00:02.354937855 +0100 CET m=+1.001045483","forecast_date":"2019-02-27T00:00:00.000Z","temperature_min":4,"temperature_max":9,"precipitation_amount":0,"precipitation_percentage":20,"wind_direction":"zo","wind_speed_bft":3}
{"Now":"2019-02-19 10:00:02.464762246 +0100 CET m=+1.027791983","forecast_date":"2019-02-27T00:00:00.000Z","temperature_min":4,"temperature_max":9,"precipitation_amount":0,"precipitation_percentage":20,"wind_direction":"zo","wind_speed_bft":3}
{"Now":"2019-02-19 11:00:02.683683013 +0100 CET m=+1.086475294","forecast_date":"2019-02-27T00:00:00.000Z","temperature_min":3,"temperature_max":8,"precipitation_amount":0,"precipitation_percentage":25,"wind_direction":"zo","wind_speed_bft":3}
{"Now":"2019-02-19 12:00:03.034648833 +0100 CET m=+1.216254026","forecast_date":"2019-02-27T00:00:00.000Z","temperature_min":3,"temperature_max":8,"precipitation_amount":0,"precipitation_percentage":25,"wind_direction":"zo","wind_speed_bft":3}
{"Now":"2019-02-19 13:00:02.298035547 +0100 CET m=+1.131805863","forecast_date":"2019-02-27T00:00:00.000Z","temperature_min":3,"temperature_max":8,"precipitation_amount":0,"precipitation_percentage":25,"wind_direction":"zo","wind_speed_bft":3}
{"Now":"2019-02-19 14:00:02.512336758 +0100 CET m=+1.078622582","forecast_date":"2019-02-27T00:00:00.000Z","temperature_min":3,"temperature_max":8,"precipitation_amount":0,"precipitation_percentage":25,"wind_direction":"zo","wind_speed_bft":3}
{"Now":"2019-02-19 15:00:03.451838416 +0100 CET m=+1.143242050","forecast_date":"2019-02-27T00:00:00.000Z","temperature_min":3,"temperature_max":8,"precipitation_amount":0,"precipitation_percentage":25,"wind_direction":"zo","wind_speed_bft":3}
{"Now":"2019-02-19 16:00:02.763889191 +0100 CET m=+1.176135846","forecast_date":"2019-02-27T00:00:00.000Z","temperature_min":3,"temperature_max":8,"precipitation_amount":0,"precipitation_percentage":25,"wind_direction":"zo","wind_speed_bft":3}
{"Now":"2019-02-19 17:00:03.060928363 +0100 CET m=+1.202358536","forecast_date":"2019-02-27T00:00:00.000Z","temperature_min":3,"temperature_max":8,"precipitation_amount":0,"precipitation_percentage":25,"wind_direction":"zo","wind_speed_bft":3}
{"Now":"2019-02-19 18:00:02.190316943 +0100 CET m=+1.010694984","forecast_date":"2019-02-27T00:00:00.000Z","temperature_min":3,"temperature_max":8,"precipitation_amount":0,"precipitation_percentage":25,"wind_direction":"zo","wind_speed_bft":3}
{"Now":"2019-02-19 19:00:04.77490892 +0100 CET m=+2.284683158","forecast_date":"2019-02-27T00:00:00.000Z","temperature_min":3,"temperature_max":8,"precipitation_amount":0,"precipitation_percentage":25,"wind_direction":"zo","wind_speed_bft":3}
{"Now":"2019-02-19 20:00:02.910195596 +0100 CET m=+1.013121362","forecast_date":"2019-02-27T00:00:00.000Z","temperature_min":3,"temperature_max":8,"precipitation_amount":0,"precipitation_percentage":25,"wind_direction":"zo","wind_speed_bft":3}
{"Now":"2019-02-19 21:00:02.01105964 +0100 CET m=+0.984114045","forecast_date":"2019-02-27T00:00:00.000Z","temperature_min":4,"temperature_max":10,"precipitation_amount":0,"precipitation_percentage":20,"wind_direction":"o","wind_speed_bft":3}
{"Now":"2019-02-19 22:00:02.66113234 +0100 CET m=+1.516389565","forecast_date":"2019-02-27T00:00:00.000Z","temperature_min":4,"temperature_max":8,"precipitation_amount":0,"precipitation_percentage":25,"wind_direction":"z","wind_speed_bft":3}
{"Now":"2019-02-19 23:00:03.031966021 +0100 CET m=+1.239040429","forecast_date":"2019-02-27T00:00:00.000Z","temperature_min":3,"temperature_max":9,"precipitation_amount":0,"precipitation_percentage":25,"wind_direction":"z","wind_speed_bft":4}
{"Now":"2019-02-20 00:00:02.192483325 +0100 CET m=+1.039341804","forecast_date":"2019-02-27T00:00:00.000Z","temperature_min":3,"temperature_max":9,"precipitation_amount":0,"precipitation_percentage":25,"wind_direction":"z","wind_speed_bft":4}
{"Now":"2019-02-20 01:00:02.540563834 +0100 CET m=+1.228157370","forecast_date":"2019-02-27T00:00:00.000Z","temperature_min":3,"temperature_max":9,"precipitation_amount":0,"precipitation_percentage":25,"wind_direction":"z","wind_speed_bft":4}
{"Now":"2019-02-20 02:00:02.859357693 +0100 CET m=+1.199449554","forecast_date":"2019-02-27T00:00:00.000Z","temperature_min":3,"temperature_max":9,"precipitation_amount":0,"precipitation_percentage":25,"wind_direction":"z","wind_speed_bft":4}
{"Now":"2019-02-20 03:00:03.112024415 +0100 CET m=+1.117492016","forecast_date":"2019-02-27T00:00:00.000Z","temperature_min":4,"temperature_max":9,"precipitation_amount":0,"precipitation_percentage":25,"wind_direction":"z","wind_speed_bft":4}
{"Now":"2019-02-20 04:00:02.494262979 +0100 CET m=+1.220149647","forecast_date":"2019-02-27T00:00:00.000Z","temperature_min":4,"temperature_max":9,"precipitation_amount":0,"precipitation_percentage":25,"wind_direction":"z","wind_speed_bft":4}
{"Now":"2019-02-20 05:00:02.817939208 +0100 CET m=+1.187849209","forecast_date":"2019-02-27T00:00:00.000Z","temperature_min":4,"temperature_max":9,"precipitation_amount":0,"precipitation_percentage":25,"wind_direction":"z","wind_speed_bft":4}
{"Now":"2019-02-20 06:00:03.185536526 +0100 CET m=+1.252077259","forecast_date":"2019-02-27T00:00:00.000Z","temperature_min":4,"temperature_max":9,"precipitation_amount":0,"precipitation_percentage":25,"wind_direction":"z","wind_speed_bft":4}
{"Now":"2019-02-20 07:00:02.582946091 +0100 CET m=+1.066984231","forecast_date":"2019-02-27T00:00:00.000Z","temperature_min":4,"temperature_max":9,"precipitation_amount":0,"precipitation_percentage":25,"wind_direction":"z","wind_speed_bft":4}
{"Now":"2019-02-20 08:00:02.697570136 +0100 CET m=+0.983762169","forecast_date":"2019-02-27T00:00:00.000Z","temperature_min":4,"temperature_max":9,"precipitation_amount":0,"precipitation_percentage":25,"wind_direction":"z","wind_speed_bft":4}
{"Now":"2019-02-20 09:00:02.889273386 +0100 CET m=+1.070837793","forecast_date":"2019-02-27T00:00:00.000Z","temperature_min":4,"temperature_max":9,"precipitation_amount":0,"precipitation_percentage":25,"wind_direction":"z","wind_speed_bft":4}
{"Now":"2019-02-20 10:00:03.143596578 +0100 CET m=+1.136328439","forecast_date":"2019-02-27T00:00:00.000Z","temperature_min":4,"temperature_max":9,"precipitation_amount":0,"precipitation_percentage":25,"wind_direction":"z","wind_speed_bft":4}
{"Now":"2019-02-20 11:00:02.265062414 +0100 CET m=+1.003712512","forecast_date":"2019-02-27T00:00:00.000Z","temperature_min":3,"temperature_max":9,"precipitation_amount":0,"precipitation_percentage":25,"wind_direction":"z","wind_speed_bft":4}
{"Now":"2019-02-20 12:00:02.689218537 +0100 CET m=+1.284447199","forecast_date":"2019-02-27T00:00:00.000Z","temperature_min":3,"temperature_max":9,"precipitation_amount":0,"precipitation_percentage":25,"wind_direction":"z","wind_speed_bft":4}
{"Now":"2019-02-20 13:00:03.046016146 +0100 CET m=+1.227790245","forecast_date":"2019-02-27T00:00:00.000Z","temperature_min":3,"temperature_max":9,"precipitation_amount":0,"precipitation_percentage":25,"wind_direction":"z","wind_speed_bft":4}
{"Now":"2019-02-20 14:00:02.169550504 +0100 CET m=+1.001621953","forecast_date":"2019-02-27T00:00:00.000Z","temperature_min":3,"temperature_max":9,"precipitation_amount":0,"precipitation_percentage":25,"wind_direction":"z","wind_speed_bft":3}
{"Now":"2019-02-20 15:00:02.569115264 +0100 CET m=+1.267522431","forecast_date":"2019-02-27T00:00:00.000Z","temperature_min":3,"temperature_max":9,"precipitation_amount":0,"precipitation_percentage":20,"wind_direction":"z","wind_speed_bft":3}
{"Now":"2019-02-20 16:00:02.873009426 +0100 CET m=+1.169563545","forecast_date":"2019-02-27T00:00:00.000Z","temperature_min":3,"temperature_max":9,"precipitation_amount":0,"precipitation_percentage":20,"wind_direction":"z","wind_speed_bft":3}
{"Now":"2019-02-20 17:00:03.076579048 +0100 CET m=+1.086634431","forecast_date":"2019-02-27T00:00:00.000Z","temperature_min":3,"temperature_max":9,"precipitation_amount":0,"precipitation_percentage":20,"wind_direction":"z","wind_speed_bft":3}
{"Now":"2019-02-20 18:00:02.413776438 +0100 CET m=+1.203854881","forecast_date":"2019-02-27T00:00:00.000Z","temperature_min":3,"temperature_max":9,"precipitation_amount":0,"precipitation_percentage":20,"wind_direction":"z","wind_speed_bft":3}
{"Now":"2019-02-20 19:00:02.611940637 +0100 CET m=+1.066093042","forecast_date":"2019-02-27T00:00:00.000Z","temperature_min":3,"temperature_max":9,"precipitation_amount":0,"precipitation_percentage":20,"wind_direction":"z","wind_speed_bft":3}
{"Now":"2019-02-20 20:00:02.861516463 +0100 CET m=+1.133701542","forecast_date":"2019-02-27T00:00:00.000Z","temperature_min":4,"temperature_max":9,"precipitation_amount":0,"precipitation_percentage":25,"wind_direction":"z","wind_speed_bft":3}
{"Now":"2019-02-20 21:00:03.149386389 +0100 CET m=+1.156297125","forecast_date":"2019-02-27T00:00:00.000Z","temperature_min":4,"temperature_max":9,"precipitation_amount":0,"precipitation_percentage":25,"wind_direction":"z","wind_speed_bft":3}
{"Now":"2019-02-20 22:00:02.344015506 +0100 CET m=+1.079044685","forecast_date":"2019-02-27T00:00:00.000Z","temperature_min":4,"temperature_max":9,"precipitation_amount":0,"precipitation_percentage":25,"wind_direction":"z","wind_speed_bft":3}
{"Now":"2019-02-20 23:00:02.457659835 +0100 CET m=+0.995012479","forecast_date":"2019-02-27T00:00:00.000Z","temperature_min":3,"temperature_max":9,"precipitation_amount":0,"precipitation_percentage":25,"wind_direction":"z","wind_speed_bft":4}
{"Now":"2019-02-21 00:00:02.912745996 +0100 CET m=+1.335130895","forecast_date":"2019-02-27T00:00:00.000Z","temperature_min":3,"temperature_max":9,"precipitation_amount":0,"precipitation_percentage":25,"wind_direction":"z","wind_speed_bft":4}
{"Now":"2019-02-21 01:00:02.209903505 +0100 CET m=+1.165151527","forecast_date":"2019-02-27T00:00:00.000Z","temperature_min":3,"temperature_max":9,"precipitation_amount":0,"precipitation_percentage":25,"wind_direction":"z","wind_speed_bft":4}
{"Now":"2019-02-21 02:00:02.261179153 +0100 CET m=+0.927753503","forecast_date":"2019-02-27T00:00:00.000Z","temperature_min":3,"temperature_max":9,"precipitation_amount":0,"precipitation_percentage":25,"wind_direction":"z","wind_speed_bft":4}
{"Now":"2019-02-21 03:00:02.488173286 +0100 CET m=+1.109805748","forecast_date":"2019-02-27T00:00:00.000Z","temperature_min":3,"temperature_max":9,"precipitation_amount":0,"precipitation_percentage":25,"wind_direction":"z","wind_speed_bft":4}
{"Now":"2019-02-21 04:00:02.779601087 +0100 CET m=+1.173585297","forecast_date":"2019-02-27T00:00:00.000Z","temperature_min":3,"temperature_max":9,"precipitation_amount":0,"precipitation_percentage":25,"wind_direction":"z","wind_speed_bft":4}
{"Now":"2019-02-21 05:00:03.108941142 +0100 CET m=+1.221195015","forecast_date":"2019-02-27T00:00:00.000Z","temperature_min":3,"temperature_max":9,"precipitation_amount":0,"precipitation_percentage":25,"wind_direction":"z","wind_speed_bft":4}
{"Now":"2019-02-21 06:00:02.553630845 +0100 CET m=+1.330864224","forecast_date":"2019-02-27T00:00:00.000Z","temperature_min":3,"temperature_max":9,"precipitation_amount":0,"precipitation_percentage":25,"wind_direction":"z","wind_speed_bft":4}
{"Now":"2019-02-21 07:00:02.706128439 +0100 CET m=+0.983257494","forecast_date":"2019-02-27T00:00:00.000Z","temperature_min":3,"temperature_max":9,"precipitation_amount":0,"precipitation_percentage":25,"wind_direction":"z","wind_speed_bft":4}
{"Now":"2019-02-21 08:00:02.933004851 +0100 CET m=+1.094078645","forecast_date":"2019-02-27T00:00:00.000Z","temperature_min":4,"temperature_max":10,"precipitation_amount":0,"precipitation_percentage":25,"wind_direction":"z","wind_speed_bft":4}
{"Now":"2019-02-21 09:00:02.330086389 +0100 CET m=+1.275705734","forecast_date":"2019-02-27T00:00:00.000Z","temperature_min":4,"temperature_max":10,"precipitation_amount":0,"precipitation_percentage":25,"wind_direction":"z","wind_speed_bft":4}
{"Now":"2019-02-21 10:00:02.499979954 +0100 CET m=+1.034864868","forecast_date":"2019-02-27T00:00:00.000Z","temperature_min":4,"temperature_max":10,"precipitation_amount":0,"precipitation_percentage":25,"wind_direction":"z","wind_speed_bft":4}
{"Now":"2019-02-21 11:00:02.651709762 +0100 CET m=+1.018517029","forecast_date":"2019-02-27T00:00:00.000Z","temperature_min":4,"temperature_max":10,"precipitation_amount":0,"precipitation_percentage":20,"wind_direction":"z","wind_speed_bft":3}
{"Now":"2019-02-21 12:00:02.766819995 +0100 CET m=+0.999335086","forecast_date":"2019-02-27T00:00:00.000Z","temperature_min":4,"temperature_max":10,"precipitation_amount":0,"precipitation_percentage":20,"wind_direction":"z","wind_speed_bft":3}
{"Now":"2019-02-21 13:00:02.963409544 +0100 CET m=+1.057440374","forecast_date":"2019-02-27T00:00:00.000Z","temperature_min":4,"temperature_max":10,"precipitation_amount":0,"precipitation_percentage":20,"wind_direction":"z","wind_speed_bft":3}
{"Now":"2019-02-21 14:00:02.124116013 +0100 CET m=+1.014545689","forecast_date":"2019-02-27T00:00:00.000Z","temperature_min":4,"temperature_max":10,"precipitation_amount":0,"precipitation_percentage":25,"wind_direction":"z","wind_speed_bft":3}
{"Now":"2019-02-21 15:00:02.305815466 +0100 CET m=+1.056811687","forecast_date":"2019-02-27T00:00:00.000Z","temperature_min":4,"temperature_max":10,"precipitation_amount":0,"precipitation_percentage":25,"wind_direction":"z","wind_speed_bft":3}
{"Now":"2019-02-21 16:00:02.720723206 +0100 CET m=+1.300349173","forecast_date":"2019-02-27T00:00:00.000Z","temperature_min":4,"temperature_max":10,"precipitation_amount":0,"precipitation_percentage":25,"wind_direction":"z","wind_speed_bft":3}
{"Now":"2019-02-21 17:00:03.077653967 +0100 CET m=+1.225559127","forecast_date":"2019-02-27T00:00:00.000Z","temperature_min":4,"temperature_max":10,"precipitation_amount":0,"precipitation_percentage":25,"wind_direction":"z","wind_speed_bft":3}
{"Now":"2019-02-21 18:00:02.173261041 +0100 CET m=+0.965589686","forecast_date":"2019-02-27T00:00:00.000Z","temperature_min":4,"temperature_max":13,"precipitation_amount":0,"precipitation_percentage":25,"wind_direction":"z","wind_speed_bft":3}
{"Now":"2019-02-21 19:00:02.355782094 +0100 CET m=+1.050641120","forecast_date":"2019-02-27T00:00:00.000Z","temperature_min":4,"temperature_max":10,"precipitation_amount":0,"precipitation_percentage":25,"wind_direction":"z","wind_speed_bft":3}
{"Now":"2019-02-21 20:00:06.674156179 +0100 CET m=+3.721962026","forecast_date":"2019-02-27T00:00:00.000Z","temperature_min":5,"temperature_max":13,"precipitation_amount":0,"precipitation_percentage":20,"wind_direction":"z","wind_speed_bft":3}
{"Now":"2019-02-21 21:00:02.897547628 +0100 CET m=+1.099784421","forecast_date":"2019-02-27T00:00:00.000Z","temperature_min":5,"temperature_max":10,"precipitation_amount":0,"precipitation_percentage":20,"wind_direction":"z","wind_speed_bft":3}
{"Now":"2019-02-21 22:00:03.002535753 +0100 CET m=+0.989559969","forecast_date":"2019-02-27T00:00:00.000Z","temperature_min":5,"temperature_max":10,"precipitation_amount":0,"precipitation_percentage":20,"wind_direction":"z","wind_speed_bft":3}
{"Now":"2019-02-21 23:00:02.117788557 +0100 CET m=+1.032452004","forecast_date":"2019-02-27T00:00:00.000Z","temperature_min":4,"temperature_max":11,"precipitation_amount":0,"precipitation_percentage":20,"wind_direction":"z","wind_speed_bft":3}
{"Now":"2019-02-22 00:00:02.378292203 +0100 CET m=+1.143258682","forecast_date":"2019-02-27T00:00:00.000Z","temperature_min":4,"temperature_max":11,"precipitation_amount":0,"precipitation_percentage":20,"wind_direction":"z","wind_speed_bft":3}
{"Now":"2019-02-22 01:00:02.71973876 +0100 CET m=+1.163119391","forecast_date":"2019-02-27T00:00:00.000Z","temperature_min":4,"temperature_max":11,"precipitation_amount":0,"precipitation_percentage":20,"wind_direction":"z","wind_speed_bft":3}
{"Now":"2019-02-22 02:00:03.121384105 +0100 CET m=+1.207823608","forecast_date":"2019-02-27T00:00:00.000Z","temperature_min":3,"temperature_max":11,"precipitation_amount":0,"precipitation_percentage":20,"wind_direction":"z","wind_speed_bft":3}
{"Now":"2019-02-22 03:00:02.408172382 +0100 CET m=+1.171425822","forecast_date":"2019-02-27T00:00:00.000Z","temperature_min":2,"temperature_max":11,"precipitation_amount":0,"precipitation_percentage":20,"wind_direction":"z","wind_speed_bft":3}
{"Now":"2019-02-22 04:00:02.662322859 +0100 CET m=+1.139009836","forecast_date":"2019-02-27T00:00:00.000Z","temperature_min":2,"temperature_max":11,"precipitation_amount":0,"precipitation_percentage":20,"wind_direction":"z","wind_speed_bft":3}
{"Now":"2019-02-22 05:00:02.832119675 +0100 CET m=+1.036157755","forecast_date":"2019-02-27T00:00:00.000Z","temperature_min":2,"temperature_max":11,"precipitation_amount":0,"precipitation_percentage":20,"wind_direction":"z","wind_speed_bft":3}
{"Now":"2019-02-22 06:00:03.065131238 +0100 CET m=+1.098520087","forecast_date":"2019-02-27T00:00:00.000Z","temperature_min":2,"temperature_max":11,"precipitation_amount":0,"precipitation_percentage":20,"wind_direction":"z","wind_speed_bft":3}
{"Now":"2019-02-22 07:00:02.095456337 +0100 CET m=+1.004765714","forecast_date":"2019-02-27T00:00:00.000Z","temperature_min":2,"temperature_max":11,"precipitation_amount":0,"precipitation_percentage":20,"wind_direction":"z","wind_speed_bft":3}
{"Now":"2019-02-22 08:00:02.226268856 +0100 CET m=+1.013932922","forecast_date":"2019-02-27T00:00:00.000Z","temperature_min":2,"temperature_max":11,"precipitation_amount":0,"precipitation_percentage":20,"wind_direction":"z","wind_speed_bft":3}
{"Now":"2019-02-22 09:00:02.316986247 +0100 CET m=+1.003625156","forecast_date":"2019-02-27T00:00:00.000Z","temperature_min":2,"temperature_max":11,"precipitation_amount":0,"precipitation_percentage":20,"wind_direction":"z","wind_speed_bft":3}
{"Now":"2019-02-22 10:00:02.39660846 +0100 CET m=+0.963864120","forecast_date":"2019-02-27T00:00:00.000Z","temperature_min":2,"temperature_max":11,"precipitation_amount":0,"precipitation_percentage":20,"wind_direction":"z","wind_speed_bft":3}
{"Now":"2019-02-22 11:00:02.501185379 +0100 CET m=+0.991087284","forecast_date":"2019-02-27T00:00:00.000Z","temperature_min":3,"temperature_max":11,"precipitation_amount":0,"precipitation_percentage":20,"wind_direction":"z","wind_speed_bft":3}
{"Now":"2019-02-22 12:00:02.62983823 +0100 CET m=+1.013388124","forecast_date":"2019-02-27T00:00:00.000Z","temperature_min":3,"temperature_max":11,"precipitation_amount":0,"precipitation_percentage":20,"wind_direction":"z","wind_speed_bft":3}
{"Now":"2019-02-22 13:00:02.893252958 +0100 CET m=+1.147430803","forecast_date":"2019-02-27T00:00:00.000Z","temperature_min":3,"temperature_max":11,"precipitation_amount":0,"precipitation_percentage":20,"wind_direction":"z","wind_speed_bft":3}
{"Now":"2019-02-22 14:00:03.057205836 +0100 CET m=+1.013050299","forecast_date":"2019-02-27T00:00:00.000Z","temperature_min":3,"temperature_max":11,"precipitation_amount":0,"precipitation_percentage":20,"wind_direction":"z","wind_speed_bft":3}
{"Now":"2019-02-22 15:00:02.450547537 +0100 CET m=+1.273314519","forecast_date":"2019-02-27T00:00:00.000Z","temperature_min":3,"temperature_max":11,"precipitation_amount":0,"precipitation_percentage":20,"wind_direction":"z","wind_speed_bft":3}
{"Now":"2019-02-22 16:00:02.825392262 +0100 CET m=+1.246753480","forecast_date":"2019-02-27T00:00:00.000Z","temperature_min":4,"temperature_max":11,"precipitation_amount":0,"precipitation_percentage":20,"wind_direction":"z","wind_speed_bft":3}
{"Now":"2019-02-22 17:00:02.942205843 +0100 CET m=+0.984212207","forecast_date":"2019-02-27T00:00:00.000Z","temperature_min":4,"temperature_max":11,"precipitation_amount":0,"precipitation_percentage":20,"wind_direction":"z","wind_speed_bft":3}
{"Now":"2019-02-22 18:00:02.11082013 +0100 CET m=+1.051124856","forecast_date":"2019-02-27T00:00:00.000Z","temperature_min":3,"temperature_max":13,"precipitation_amount":0,"precipitation_percentage":20,"wind_direction":"z","wind_speed_bft":3}
{"Now":"2019-02-22 19:00:02.206768786 +0100 CET m=+0.976732278","forecast_date":"2019-02-27T00:00:00.000Z","temperature_min":4,"temperature_max":11,"precipitation_amount":0,"precipitation_percentage":20,"wind_direction":"z","wind_speed_bft":3}
{"Now":"2019-02-22 20:00:02.470715163 +0100 CET m=+1.130242558","forecast_date":"2019-02-27T00:00:00.000Z","temperature_min":4,"temperature_max":11,"precipitation_amount":0,"precipitation_percentage":20,"wind_direction":"zw","wind_speed_bft":3}
{"Now":"2019-02-22 21:00:02.482039525 +0100 CET m=+0.893400682","forecast_date":"2019-02-27T00:00:00.000Z","temperature_min":4,"temperature_max":13,"precipitation_amount":0,"precipitation_percentage":20,"wind_direction":"zw","wind_speed_bft":3}
{"Now":"2019-02-22 22:00:02.791593886 +0100 CET m=+1.178802402","forecast_date":"2019-02-27T00:00:00.000Z","temperature_min":4,"temperature_max":11,"precipitation_amount":0,"precipitation_percentage":20,"wind_direction":"zw","wind_speed_bft":3}
{"Now":"2019-02-22 23:00:03.168324489 +0100 CET m=+1.232519016","forecast_date":"2019-02-27T00:00:00.000Z","temperature_min":3,"temperature_max":10,"precipitation_amount":0,"precipitation_percentage":20,"wind_direction":"zw","wind_speed_bft":3}
{"Now":"2019-02-23 00:00:03.173219692 +0100 CET m=+1.096259194","forecast_date":"2019-02-27T00:00:00.000Z","temperature_min":3,"temperature_max":10,"precipitation_amount":0,"precipitation_percentage":20,"wind_direction":"zw","wind_speed_bft":3}
{"Now":"2019-02-23 01:00:02.391231878 +0100 CET m=+1.087386223","forecast_date":"2019-02-27T00:00:00.000Z","temperature_min":3,"temperature_max":10,"precipitation_amount":0,"precipitation_percentage":20,"wind_direction":"zw","wind_speed_bft":3}
{"Now":"2019-02-23 02:00:02.763167907 +0100 CET m=+1.241639293","forecast_date":"2019-02-27T00:00:00.000Z","temperature_min":3,"temperature_max":10,"precipitation_amount":0,"precipitation_percentage":20,"wind_direction":"zw","wind_speed_bft":3}
{"Now":"2019-02-23 03:00:03.170893797 +0100 CET m=+1.264126245","forecast_date":"2019-02-27T00:00:00.000Z","temperature_min":3,"temperature_max":10,"precipitation_amount":0,"precipitation_percentage":20,"wind_direction":"zw","wind_speed_bft":3}
{"Now":"2019-02-23 04:00:02.524551421 +0100 CET m=+1.217627747","forecast_date":"2019-02-27T00:00:00.000Z","temperature_min":3,"temperature_max":10,"precipitation_amount":0,"precipitation_percentage":20,"wind_direction":"z","wind_speed_bft":3}
{"Now":"2019-02-23 05:00:02.848527635 +0100 CET m=+1.193750596","forecast_date":"2019-02-27T00:00:00.000Z","temperature_min":3,"temperature_max":10,"precipitation_amount":0,"precipitation_percentage":20,"wind_direction":"z","wind_speed_bft":3}
{"Now":"2019-02-23 06:00:03.100569668 +0100 CET m=+1.118825589","forecast_date":"2019-02-27T00:00:00.000Z","temperature_min":3,"temperature_max":10,"precipitation_amount":0,"precipitation_percentage":20,"wind_direction":"z","wind_speed_bft":3}
{"Now":"2019-02-23 07:00:02.269305541 +0100 CET m=+1.115104804","forecast_date":"2019-02-27T00:00:00.000Z","temperature_min":2,"temperature_max":15,"precipitation_amount":0,"precipitation_percentage":15,"wind_direction":"z","wind_speed_bft":2}
{"Now":"2019-02-23 08:00:02.575923061 +0100 CET m=+1.170678901","forecast_date":"2019-02-27T00:00:00.000Z","temperature_min":3,"temperature_max":10,"precipitation_amount":0,"precipitation_percentage":20,"wind_direction":"z","wind_speed_bft":3}
{"Now":"2019-02-23 09:00:02.763553731 +0100 CET m=+1.049637909","forecast_date":"2019-02-27T00:00:00.000Z","temperature_min":2,"temperature_max":16,"precipitation_amount":0,"precipitation_percentage":15,"wind_direction":"z","wind_speed_bft":2}
{"Now":"2019-02-23 10:00:02.903875641 +0100 CET m=+1.025144169","forecast_date":"2019-02-27T00:00:00.000Z","temperature_min":2,"temperature_max":16,"precipitation_amount":0,"precipitation_percentage":15,"wind_direction":"z","wind_speed_bft":2}
{"Now":"2019-02-23 11:00:03.131117742 +0100 CET m=+1.139836286","forecast_date":"2019-02-27T00:00:00.000Z","temperature_min":2,"temperature_max":16,"precipitation_amount":0,"precipitation_percentage":15,"wind_direction":"z","wind_speed_bft":2}
{"Now":"2019-02-23 12:00:02.422490485 +0100 CET m=+1.173063265","forecast_date":"2019-02-27T00:00:00.000Z","temperature_min":3,"temperature_max":10,"precipitation_amount":0,"precipitation_percentage":15,"wind_direction":"zw","wind_speed_bft":3}
{"Now":"2019-02-23 13:00:02.694065033 +0100 CET m=+1.155242677","forecast_date":"2019-02-27T00:00:00.000Z","temperature_min":3,"temperature_max":10,"precipitation_amount":0,"precipitation_percentage":15,"wind_direction":"zw","wind_speed_bft":3}
{"Now":"2019-02-23 14:00:02.867199449 +0100 CET m=+1.058981451","forecast_date":"2019-02-27T00:00:00.000Z","temperature_min":4,"temperature_max":10,"precipitation_amount":0,"precipitation_percentage":15,"wind_direction":"zw","wind_speed_bft":3}
{"Now":"2019-02-23 15:00:04.226611003 +0100 CET m=+2.070434406","forecast_date":"2019-02-27T00:00:00.000Z","temperature_min":2,"temperature_max":16,"precipitation_amount":0,"precipitation_percentage":15,"wind_direction":"z","wind_speed_bft":2}
{"Now":"2019-02-23 16:00:02.431081322 +0100 CET m=+1.049299102","forecast_date":"2019-02-27T00:00:00.000Z","temperature_min":2,"temperature_max":16,"precipitation_amount":0,"precipitation_percentage":15,"wind_direction":"z","wind_speed_bft":2}
{"Now":"2019-02-23 17:00:02.929512405 +0100 CET m=+1.364595849","forecast_date":"2019-02-27T00:00:00.000Z","temperature_min":4,"temperature_max":11,"precipitation_amount":0,"precipitation_percentage":15,"wind_direction":"zw","wind_speed_bft":3}
{"Now":"2019-02-23 18:00:08.086840358 +0100 CET m=+3.486246987","forecast_date":"2019-02-27T00:00:00.000Z","temperature_min":2,"temperature_max":16,"precipitation_amount":0,"precipitation_percentage":15,"wind_direction":"z","wind_speed_bft":2}
{"Now":"2019-02-23 19:00:02.243097904 +0100 CET m=+1.024192352","forecast_date":"2019-02-27T00:00:00.000Z","temperature_min":2,"temperature_max":16,"precipitation_amount":0,"precipitation_percentage":15,"wind_direction":"z","wind_speed_bft":2}
{"Now":"2019-02-23 20:00:02.492378906 +0100 CET m=+1.127220968","forecast_date":"2019-02-27T00:00:00.000Z","temperature_min":4,"temperature_max":11,"precipitation_amount":0,"precipitation_percentage":20,"wind_direction":"zw","wind_speed_bft":3}
{"Now":"2019-02-23 21:00:02.852375649 +0100 CET m=+1.226304529","forecast_date":"2019-02-27T00:00:00.000Z","temperature_min":4,"temperature_max":11,"precipitation_amount":0,"precipitation_percentage":20,"wind_direction":"zw","wind_speed_bft":3}
{"Now":"2019-02-23 22:00:03.054254515 +0100 CET m=+1.105267479","forecast_date":"2019-02-27T00:00:00.000Z","temperature_min":1,"temperature_max":16,"precipitation_amount":0,"precipitation_percentage":15,"wind_direction":"z","wind_speed_bft":3}
{"Now":"2019-02-23 23:00:02.44676431 +0100 CET m=+1.259484654","forecast_date":"2019-02-27T00:00:00.000Z","temperature_min":3,"temperature_max":11,"precipitation_amount":0,"precipitation_percentage":15,"wind_direction":"zw","wind_speed_bft":3}
{"Now":"2019-02-24 00:00:02.787276296 +0100 CET m=+1.210521991","forecast_date":"2019-02-27T00:00:00.000Z","temperature_min":3,"temperature_max":11,"precipitation_amount":0,"precipitation_percentage":15,"wind_direction":"zw","wind_speed_bft":3}
{"Now":"2019-02-24 01:00:03.015941938 +0100 CET m=+1.124308704","forecast_date":"2019-02-27T00:00:00.000Z","temperature_min":3,"temperature_max":11,"precipitation_amount":0,"precipitation_percentage":15,"wind_direction":"zw","wind_speed_bft":3}
{"Now":"2019-02-24 02:00:02.927812703 +0100 CET m=+1.829848954","forecast_date":"2019-02-27T00:00:00.000Z","temperature_min":4,"temperature_max":11,"precipitation_amount":0,"precipitation_percentage":20,"wind_direction":"zw","wind_speed_bft":3}
{"Now":"2019-02-24 03:00:02.333537193 +0100 CET m=+1.289826743","forecast_date":"2019-02-27T00:00:00.000Z","temperature_min":4,"temperature_max":11,"precipitation_amount":0,"precipitation_percentage":20,"wind_direction":"zw","wind_speed_bft":3}
{"Now":"2019-02-24 04:00:02.702740147 +0100 CET m=+1.252417543","forecast_date":"2019-02-27T00:00:00.000Z","temperature_min":4,"temperature_max":11,"precipitation_amount":0,"precipitation_percentage":20,"wind_direction":"zw","wind_speed_bft":3}
{"Now":"2019-02-24 05:00:03.013760363 +0100 CET m=+1.193991922","forecast_date":"2019-02-27T00:00:00.000Z","temperature_min":4,"temperature_max":11,"precipitation_amount":0,"precipitation_percentage":20,"wind_direction":"zw","wind_speed_bft":3}
{"Now":"2019-02-24 06:00:02.440208042 +0100 CET m=+1.309744928","forecast_date":"2019-02-27T00:00:00.000Z","temperature_min":4,"temperature_max":11,"precipitation_amount":0,"precipitation_percentage":20,"wind_direction":"zw","wind_speed_bft":3}
{"Now":"2019-02-24 07:00:03.010552303 +0100 CET m=+1.054637295","forecast_date":"2019-02-27T00:00:00.000Z","temperature_min":1,"temperature_max":16,"precipitation_amount":0,"precipitation_percentage":15,"wind_direction":"z","wind_speed_bft":3}
{"Now":"2019-02-24 08:00:03.072799682 +0100 CET m=+1.942790002","forecast_date":"2019-02-27T00:00:00.000Z","temperature_min":4,"temperature_max":12,"precipitation_amount":0,"precipitation_percentage":15,"wind_direction":"z","wind_speed_bft":3}
{"Now":"2019-02-24 09:00:02.206099015 +0100 CET m=+1.017476986","forecast_date":"2019-02-27T00:00:00.000Z","temperature_min":1,"temperature_max":16,"precipitation_amount":0,"precipitation_percentage":15,"wind_direction":"z","wind_speed_bft":2}
{"Now":"2019-02-24 10:00:02.341507202 +0100 CET m=+1.009325527","forecast_date":"2019-02-27T00:00:00.000Z","temperature_min":2,"temperature_max":16,"precipitation_amount":0,"precipitation_percentage":10,"wind_direction":"z","wind_speed_bft":2}
{"Now":"2019-02-24 11:00:02.646739487 +0100 CET m=+1.188392811","forecast_date":"2019-02-27T00:00:00.000Z","temperature_min":3,"temperature_max":11,"precipitation_amount":0,"precipitation_percentage":10,"wind_direction":"z","wind_speed_bft":3}
{"Now":"2019-02-24 12:00:02.986129662 +0100 CET m=+1.223705877","forecast_date":"2019-02-27T00:00:00.000Z","temperature_min":3,"temperature_max":11,"precipitation_amount":0,"precipitation_percentage":10,"wind_direction":"z","wind_speed_bft":3}
{"Now":"2019-02-24 13:00:02.101580064 +0100 CET m=+1.001473852","forecast_date":"2019-02-27T00:00:00.000Z","temperature_min":2,"temperature_max":16,"precipitation_amount":0,"precipitation_percentage":10,"wind_direction":"z","wind_speed_bft":2}
{"Now":"2019-02-24 14:00:02.361895313 +0100 CET m=+1.160761372","forecast_date":"2019-02-27T00:00:00.000Z","temperature_min":3,"temperature_max":11,"precipitation_amount":0,"precipitation_percentage":15,"wind_direction":"z","wind_speed_bft":3}
{"Now":"2019-02-24 15:00:02.610585102 +0100 CET m=+1.134514556","forecast_date":"2019-02-27T00:00:00.000Z","temperature_min":3,"temperature_max":11,"precipitation_amount":0,"precipitation_percentage":15,"wind_direction":"z","wind_speed_bft":3}
{"Now":"2019-02-24 16:00:02.790216065 +0100 CET m=+1.045589185","forecast_date":"2019-02-27T00:00:00.000Z","temperature_min":2,"temperature_max":16,"precipitation_amount":0,"precipitation_percentage":10,"wind_direction":"z","wind_speed_bft":2}
{"Now":"2019-02-24 17:00:03.070702697 +0100 CET m=+1.149160243","forecast_date":"2019-02-27T00:00:00.000Z","temperature_min":2,"temperature_max":16,"precipitation_amount":0,"precipitation_percentage":10,"wind_direction":"z","wind_speed_bft":2}
{"Now":"2019-02-24 18:00:02.323204942 +0100 CET m=+1.164076250","forecast_date":"2019-02-27T00:00:00.000Z","temperature_min":2,"temperature_max":16,"precipitation_amount":0,"precipitation_percentage":10,"wind_direction":"z","wind_speed_bft":2}
{"Now":"2019-02-24 19:00:02.722455771 +0100 CET m=+1.263427448","forecast_date":"2019-02-27T00:00:00.000Z","temperature_min":2,"temperature_max":16,"precipitation_amount":0,"precipitation_percentage":10,"wind_direction":"z","wind_speed_bft":2}
{"Now":"2019-02-24 20:00:02.920479326 +0100 CET m=+1.043685652","forecast_date":"2019-02-27T00:00:00.000Z","temperature_min":2,"temperature_max":16,"precipitation_amount":0,"precipitation_percentage":10,"wind_direction":"z","wind_speed_bft":2}
{"Now":"2019-02-24 21:00:02.12667289 +0100 CET m=+1.091003970","forecast_date":"2019-02-27T00:00:00.000Z","temperature_min":2,"temperature_max":16,"precipitation_amount":0,"precipitation_percentage":10,"wind_direction":"z","wind_speed_bft":2}
{"Now":"2019-02-24 22:00:02.302926302 +0100 CET m=+1.045315043","forecast_date":"2019-02-27T00:00:00.000Z","temperature_min":2,"temperature_max":17,"precipitation_amount":0,"precipitation_percentage":10,"wind_direction":"z","wind_speed_bft":2}
{"Now":"2019-02-24 23:00:02.463655416 +0100 CET m=+0.985028635","forecast_date":"2019-02-27T00:00:00.000Z","temperature_min":2,"temperature_max":17,"precipitation_amount":0,"precipitation_percentage":10,"wind_direction":"z","wind_speed_bft":2}
{"Now":"2019-02-25 00:00:02.815817819 +0100 CET m=+1.220705196","forecast_date":"2019-02-27T00:00:00.000Z","temperature_min":2,"temperature_max":17,"precipitation_amount":0,"precipitation_percentage":10,"wind_direction":"z","wind_speed_bft":2}
{"Now":"2019-02-25 01:00:03.114902097 +0100 CET m=+1.180263187","forecast_date":"2019-02-27T00:00:00.000Z","temperature_min":3,"temperature_max":12,"precipitation_amount":0,"precipitation_percentage":10,"wind_direction":"zw","wind_speed_bft":3}
{"Now":"2019-02-25 02:00:02.405175977 +0100 CET m=+1.156923194","forecast_date":"2019-02-27T00:00:00.000Z","temperature_min":3,"temperature_max":12,"precipitation_amount":0,"precipitation_percentage":15,"wind_direction":"zw","wind_speed_bft":3}
{"Now":"2019-02-25 03:00:02.683661323 +0100 CET m=+1.163460131","forecast_date":"2019-02-27T00:00:00.000Z","temperature_min":3,"temperature_max":12,"precipitation_amount":0,"precipitation_percentage":10,"wind_direction":"zw","wind_speed_bft":3}
{"Now":"2019-02-25 04:00:02.957347781 +0100 CET m=+1.154389061","forecast_date":"2019-02-27T00:00:00.000Z","temperature_min":3,"temperature_max":12,"precipitation_amount":0,"precipitation_percentage":10,"wind_direction":"zw","wind_speed_bft":3}
{"Now":"2019-02-25 05:00:02.246380609 +0100 CET m=+1.145926305","forecast_date":"2019-02-27T00:00:00.000Z","temperature_min":3,"temperature_max":12,"precipitation_amount":0,"precipitation_percentage":10,"wind_direction":"zw","wind_speed_bft":3}
{"Now":"2019-02-25 06:00:03.456585416 +0100 CET m=+1.974309196","forecast_date":"2019-02-27T00:00:00.000Z","temperature_min":2,"temperature_max":16,"precipitation_amount":0,"precipitation_percentage":10,"wind_direction":"z","wind_speed_bft":2}
{"Now":"2019-02-25 07:00:02.684395506 +0100 CET m=+1.219445350","forecast_date":"2019-02-27T00:00:00.000Z","temperature_min":3,"temperature_max":12,"precipitation_amount":0,"precipitation_percentage":10,"wind_direction":"zw","wind_speed_bft":3}
{"Now":"2019-02-25 08:00:02.804679529 +0100 CET m=+0.983519085","forecast_date":"2019-02-27T00:00:00.000Z","temperature_min":2,"temperature_max":16,"precipitation_amount":0,"precipitation_percentage":10,"wind_direction":"z","wind_speed_bft":2}
{"Now":"2019-02-25 09:00:02.909294246 +0100 CET m=+1.004476318","forecast_date":"2019-02-27T00:00:00.000Z","temperature_min":2,"temperature_max":16,"precipitation_amount":0,"precipitation_percentage":10,"wind_direction":"z","wind_speed_bft":2}
{"Now":"2019-02-25 10:00:02.402228489 +0100 CET m=+1.358408181","forecast_date":"2019-02-27T00:00:00.000Z","temperature_min":3,"temperature_max":12,"precipitation_amount":0,"precipitation_percentage":10,"wind_direction":"zw","wind_speed_bft":3}
{"Now":"2019-02-25 11:00:02.734300394 +0100 CET m=+1.182186852","forecast_date":"2019-02-27T00:00:00.000Z","temperature_min":2,"temperature_max":17,"precipitation_amount":0,"precipitation_percentage":10,"wind_direction":"z","wind_speed_bft":2}
{"Now":"2019-02-25 12:00:03.073975779 +0100 CET m=+1.208588991","forecast_date":"2019-02-27T00:00:00.000Z","temperature_min":2,"temperature_max":17,"precipitation_amount":0,"precipitation_percentage":10,"wind_direction":"z","wind_speed_bft":2}
{"Now":"2019-02-25 13:00:02.188737754 +0100 CET m=+0.999427020","forecast_date":"2019-02-27T00:00:00.000Z","temperature_min":2,"temperature_max":17,"precipitation_amount":0,"precipitation_percentage":10,"wind_direction":"z","wind_speed_bft":2}
{"Now":"2019-02-25 14:00:02.627885905 +0100 CET m=+1.321256502","forecast_date":"2019-02-27T00:00:00.000Z","temperature_min":3,"temperature_max":12,"precipitation_amount":0,"precipitation_percentage":10,"wind_direction":"zw","wind_speed_bft":3}
{"Now":"2019-02-25 15:00:02.763442181 +0100 CET m=+1.002609906","forecast_date":"2019-02-27T00:00:00.000Z","temperature_min":2,"temperature_max":17,"precipitation_amount":0,"precipitation_percentage":10,"wind_direction":"z","wind_speed_bft":2}
{"Now":"2019-02-25 16:00:02.994611729 +0100 CET m=+1.116315928","forecast_date":"2019-02-27T00:00:00.000Z","temperature_min":2,"temperature_max":17,"precipitation_amount":0,"precipitation_percentage":10,"wind_direction":"z","wind_speed_bft":2}
{"Now":"2019-02-25 17:00:02.120815691 +0100 CET m=+0.990769737","forecast_date":"2019-02-27T00:00:00.000Z","temperature_min":2,"temperature_max":17,"precipitation_amount":0,"precipitation_percentage":10,"wind_direction":"z","wind_speed_bft":2}
{"Now":"2019-02-25 18:00:02.301002542 +0100 CET m=+1.063436932","forecast_date":"2019-02-27T00:00:00.000Z","temperature_min":3,"temperature_max":12,"precipitation_amount":0,"precipitation_percentage":10,"wind_direction":"zw","wind_speed_bft":3}
{"Now":"2019-02-25 19:00:02.468330357 +0100 CET m=+1.034199449","forecast_date":"2019-02-27T00:00:00.000Z","temperature_min":2,"temperature_max":17,"precipitation_amount":0,"precipitation_percentage":10,"wind_direction":"z","wind_speed_bft":2}
{"Now":"2019-02-25 20:00:02.766582647 +0100 CET m=+1.166545226","forecast_date":"2019-02-27T00:00:00.000Z","temperature_min":2,"temperature_max":17,"precipitation_amount":0,"precipitation_percentage":10,"wind_direction":"z","wind_speed_bft":2}
{"Now":"2019-02-25 21:00:02.887974069 +0100 CET m=+1.001143063","forecast_date":"2019-02-27T00:00:00.000Z","temperature_min":2,"temperature_max":17,"precipitation_amount":0,"precipitation_percentage":10,"wind_direction":"z","wind_speed_bft":2}
{"Now":"2019-02-25 22:00:03.114508241 +0100 CET m=+1.095015094","forecast_date":"2019-02-27T00:00:00.000Z","temperature_min":2,"temperature_max":17,"precipitation_amount":0,"precipitation_percentage":10,"wind_direction":"zw","wind_speed_bft":2}
{"Now":"2019-02-25 23:00:02.564707911 +0100 CET m=+1.310652866","forecast_date":"2019-02-27T00:00:00.000Z","temperature_min":3,"temperature_max":12,"precipitation_amount":0,"precipitation_percentage":10,"wind_direction":"zw","wind_speed_bft":3}
{"Now":"2019-02-26 00:00:03.006234526 +0100 CET m=+1.326828436","forecast_date":"2019-02-27T00:00:00.000Z","temperature_min":3,"temperature_max":12,"precipitation_amount":0,"precipitation_percentage":10,"wind_direction":"zw","wind_speed_bft":3}
{"Now":"2019-02-26 01:00:02.177262999 +0100 CET m=+1.048857085","forecast_date":"2019-02-27T00:00:00.000Z","temperature_min":2,"temperature_max":17,"precipitation_amount":0,"precipitation_percentage":10,"wind_direction":"zw","wind_speed_bft":2}
{"Now":"2019-02-26 02:00:02.567783657 +0100 CET m=+1.263454671","forecast_date":"2019-02-27T00:00:00.000Z","temperature_min":3,"temperature_max":12,"precipitation_amount":0,"precipitation_percentage":10,"wind_direction":"zw","wind_speed_bft":3}
{"Now":"2019-02-26 03:00:02.992618981 +0100 CET m=+1.310099962","forecast_date":"2019-02-27T00:00:00.000Z","temperature_min":3,"temperature_max":12,"precipitation_amount":0,"precipitation_percentage":10,"wind_direction":"zw","wind_speed_bft":3}
{"Now":"2019-02-26 04:00:02.27984198 +0100 CET m=+1.161449521","forecast_date":"2019-02-27T00:00:00.000Z","temperature_min":4,"temperature_max":12,"precipitation_amount":0,"precipitation_percentage":10,"wind_direction":"zw","wind_speed_bft":3}
{"Now":"2019-02-26 05:00:02.744482997 +0100 CET m=+1.331057296","forecast_date":"2019-02-27T00:00:00.000Z","temperature_min":4,"temperature_max":12,"precipitation_amount":0,"precipitation_percentage":10,"wind_direction":"zw","wind_speed_bft":3}
{"Now":"2019-02-26 06:00:03.137564886 +0100 CET m=+1.260080204","forecast_date":"2019-02-27T00:00:00.000Z","temperature_min":4,"temperature_max":12,"precipitation_amount":0,"precipitation_percentage":10,"wind_direction":"zw","wind_speed_bft":3}
{"Now":"2019-02-26 07:00:02.365226849 +0100 CET m=+1.150711590","forecast_date":"2019-02-27T00:00:00.000Z","temperature_min":2,"temperature_max":17,"precipitation_amount":0,"precipitation_percentage":5,"wind_direction":"zw","wind_speed_bft":2}
{"Now":"2019-02-26 08:00:02.458274161 +0100 CET m=+1.010125088","forecast_date":"2019-02-27T00:00:00.000Z","temperature_min":2,"temperature_max":17,"precipitation_amount":0,"precipitation_percentage":10,"wind_direction":"z","wind_speed_bft":2}
{"Now":"2019-02-26 09:00:02.694472382 +0100 CET m=+1.121500072","forecast_date":"2019-02-27T00:00:00.000Z","temperature_min":2,"temperature_max":17,"precipitation_amount":0,"precipitation_percentage":10,"wind_direction":"z","wind_speed_bft":2}
{"Now":"2019-02-26 10:00:03.029775315 +0100 CET m=+1.200497885","forecast_date":"2019-02-27T00:00:00.000Z","temperature_min":2,"temperature_max":17,"precipitation_amount":0,"precipitation_percentage":5,"wind_direction":"z","wind_speed_bft":2}
{"Now":"2019-02-26 11:00:02.292500197 +0100 CET m=+1.144480029","forecast_date":"2019-02-27T00:00:00.000Z","temperature_min":2,"temperature_max":17,"precipitation_amount":0,"precipitation_percentage":5,"wind_direction":"z","wind_speed_bft":2}
{"Now":"2019-02-26 12:00:02.393539407 +0100 CET m=+0.966060583","forecast_date":"2019-02-27T00:00:00.000Z","temperature_min":2,"temperature_max":17,"precipitation_amount":0,"precipitation_percentage":5,"wind_direction":"z","wind_speed_bft":2}
{"Now":"2019-02-26 13:00:02.575906558 +0100 CET m=+1.048105727","forecast_date":"2019-02-27T00:00:00.000Z","temperature_min":2,"temperature_max":17,"precipitation_amount":0,"precipitation_percentage":5,"wind_direction":"z","wind_speed_bft":2}
{"Now":"2019-02-26 14:00:02.760469688 +0100 CET m=+1.067645461","forecast_date":"2019-02-27T00:00:00.000Z","temperature_min":2,"temperature_max":17,"precipitation_amount":0,"precipitation_percentage":5,"wind_direction":"z","wind_speed_bft":2}
{"Now":"2019-02-26 15:00:03.107683865 +0100 CET m=+1.208554575","forecast_date":"2019-02-27T00:00:00.000Z","temperature_min":2,"temperature_max":17,"precipitation_amount":0,"precipitation_percentage":5,"wind_direction":"z","wind_speed_bft":2}
{"Now":"2019-02-26 16:00:02.421071667 +0100 CET m=+1.196188209","forecast_date":"2019-02-27T00:00:00.000Z","temperature_min":3,"temperature_max":13,"precipitation_amount":0,"precipitation_percentage":10,"wind_direction":"zw","wind_speed_bft":3}
{"Now":"2019-02-26 17:00:02.701878887 +0100 CET m=+1.180345414","forecast_date":"2019-02-27T00:00:00.000Z","temperature_min":2,"temperature_max":17,"precipitation_amount":0,"precipitation_percentage":5,"wind_direction":"z","wind_speed_bft":2}
{"Now":"2019-02-26 18:00:02.850548264 +0100 CET m=+1.030817693","forecast_date":"2019-02-27T00:00:00.000Z","temperature_min":2,"temperature_max":17,"precipitation_amount":0,"precipitation_percentage":5,"wind_direction":"z","wind_speed_bft":2}
{"Now":"2019-02-26 19:00:02.284995458 +0100 CET m=+1.225251734","forecast_date":"2019-02-27T00:00:00.000Z","temperature_min":3,"temperature_max":13,"precipitation_amount":0,"precipitation_percentage":10,"wind_direction":"zw","wind_speed_bft":3}
{"Now":"2019-02-26 20:00:02.525741015 +0100 CET m=+1.121861630","forecast_date":"2019-02-27T00:00:00.000Z","temperature_min":2,"temperature_max":17,"precipitation_amount":0,"precipitation_percentage":5,"wind_direction":"z","wind_speed_bft":2}
{"Now":"2019-02-26 21:00:02.892564453 +0100 CET m=+1.234003434","forecast_date":"2019-02-27T00:00:00.000Z","temperature_min":2,"temperature_max":17,"precipitation_amount":0,"precipitation_percentage":5,"wind_direction":"z","wind_speed_bft":2}
{"Now":"2019-02-26 22:00:03.228804141 +0100 CET m=+1.206270815","forecast_date":"2019-02-27T00:00:00.000Z","temperature_min":1,"temperature_max":17,"precipitation_amount":0,"precipitation_percentage":5,"wind_direction":"z","wind_speed_bft":2}
{"Now":"2019-02-26 23:00:02.619463822 +0100 CET m=+1.259635585","forecast_date":"2019-02-27T00:00:00.000Z","temperature_min":2,"temperature_max":17,"precipitation_amount":0,"precipitation_percentage":5,"wind_direction":"z","wind_speed_bft":2}
